     9>D:\projects\misis2023f-23-check\misis2024s-23-09-urosov-d-i\prj.check\prj.check\doctest_dynarr\doctest_dynarr.cpp(3,10): error C1083: Cannot open include file: 'dynarr/dynarr.hpp': No such file or directory [D:\projects\misis2023f-23-check\misis2024s-23-09-urosov-d-i\build.check\prj.check\prj.check\doctest_dynarr\doctest_dynarr.vcxproj]
    10>D:\projects\misis2023f-23-check\misis2024s-23-09-urosov-d-i\prj.check\prj.check\doctest_queuearr\doctest_queuearr_moveable.cpp(3,10): error C1083: Cannot open include file: 'queuearr/queuearr.hpp': No such file or directory [D:\projects\misis2023f-23-check\misis2024s-23-09-urosov-d-i\build.check\prj.check\prj.check\doctest_queuearr\doctest_queuearr_m.vcxproj]
    11>D:\projects\misis2023f-23-check\misis2024s-23-09-urosov-d-i\prj.check\prj.check\doctest_bitset\doctest_bitset_moveable.cpp(3,10): error C1083: Cannot open include file: 'bitset/bitset.hpp': No such file or directory [D:\projects\misis2023f-23-check\misis2024s-23-09-urosov-d-i\build.check\prj.check\prj.check\doctest_bitset\doctest_bitset_m.vcxproj]
    15>D:\projects\misis2023f-23-check\misis2024s-23-09-urosov-d-i\prj.check\prj.check\doctest_queuelst\doctest_queuelst.cpp(3,10): error C1083: Cannot open include file: 'queuelst/queuelst.hpp': No such file or directory [D:\projects\misis2023f-23-check\misis2024s-23-09-urosov-d-i\build.check\prj.check\prj.check\doctest_queuelst\doctest_queuelst.vcxproj]
    14>D:\projects\misis2023f-23-check\misis2024s-23-09-urosov-d-i\prj.check\prj.check\doctest_dynarr\doctest_dynarr_moveable.cpp(3,10): error C1083: Cannot open include file: 'dynarr/dynarr.hpp': No such file or directory [D:\projects\misis2023f-23-check\misis2024s-23-09-urosov-d-i\build.check\prj.check\prj.check\doctest_dynarr\doctest_dynarr_m.vcxproj]
    20>D:\projects\misis2023f-23-check\misis2024s-23-09-urosov-d-i\prj.check\prj.check\doctest_queuelst\doctest_queuelst_moveable.cpp(3,10): error C1083: Cannot open include file: 'queuelst/queuelst.hpp': No such file or directory [D:\projects\misis2023f-23-check\misis2024s-23-09-urosov-d-i\build.check\prj.check\prj.check\doctest_queuelst\doctest_queuelst_m.vcxproj]
    21>D:\projects\misis2023f-23-check\misis2024s-23-09-urosov-d-i\prj.check\prj.check\doctest_queuelstpr\doctest_queuelstpr_moveable.cpp(3,10): error C1083: Cannot open include file: 'queuelstpr/queuelstpr.hpp': No such file or directory [D:\projects\misis2023f-23-check\misis2024s-23-09-urosov-d-i\build.check\prj.check\prj.check\doctest_queuelstpr\doctest_queuelstpr_m.vcxproj]
    16>D:\projects\misis2023f-23-check\misis2024s-23-09-urosov-d-i\prj.check\prj.check\doctest_queuearr\doctest_queuearr.cpp(3,10): error C1083: Cannot open include file: 'queuearr/queuearr.hpp': No such file or directory [D:\projects\misis2023f-23-check\misis2024s-23-09-urosov-d-i\build.check\prj.check\prj.check\doctest_queuearr\doctest_queuearr.vcxproj]
    28>D:\projects\misis2023f-23-check\misis2024s-23-09-urosov-d-i\prj.check\prj.check\doctest_stackarr\doctest_stackarr_moveable.cpp(3,10): error C1083: Cannot open include file: 'stackarr/stackarr.hpp': No such file or directory [D:\projects\misis2023f-23-check\misis2024s-23-09-urosov-d-i\build.check\prj.check\prj.check\doctest_stackarr\doctest_stackarr_m.vcxproj]
    29>D:\projects\misis2023f-23-check\misis2024s-23-09-urosov-d-i\prj.check\prj.check\doctest_stacklst\doctest_stacklst.cpp(3,10): error C1083: Cannot open include file: 'stacklst/stacklst.hpp': No such file or directory [D:\projects\misis2023f-23-check\misis2024s-23-09-urosov-d-i\build.check\prj.check\prj.check\doctest_stacklst\doctest_stacklst.vcxproj]
    30>D:\projects\misis2023f-23-check\misis2024s-23-09-urosov-d-i\prj.check\prj.check\doctest_stacklst\doctest_stacklst_moveable.cpp(3,10): error C1083: Cannot open include file: 'stacklst/stacklst.hpp': No such file or directory [D:\projects\misis2023f-23-check\misis2024s-23-09-urosov-d-i\build.check\prj.check\prj.check\doctest_stacklst\doctest_stacklst_m.vcxproj]
    34>MSVCRT.lib(exe_main.obj) : error LNK2019: unresolved external symbol main referenced in function "int __cdecl __scrt_common_main_seh(void)" (?__scrt_common_main_seh@@YAHXZ) [D:\projects\misis2023f-23-check\misis2024s-23-09-urosov-d-i\build.check\prj.test\test_finaltest.vcxproj]
    34>D:\projects\misis2023f-23-check\misis2024s-23-09-urosov-d-i\bin.rel\test_finaltest.exe : fatal error LNK1120: 1 unresolved externals [D:\projects\misis2023f-23-check\misis2024s-23-09-urosov-d-i\build.check\prj.test\test_finaltest.vcxproj]
     8>D:\projects\misis2023f-23-check\misis2024s-23-09-urosov-d-i\prj.check\prj.check\doctest_bitset\doctest_bitset.cpp(3,10): error C1083: Cannot open include file: 'bitset/bitset.hpp': No such file or directory [D:\projects\misis2023f-23-check\misis2024s-23-09-urosov-d-i\build.check\prj.check\prj.check\doctest_bitset\doctest_bitset.vcxproj]
    22>D:\projects\misis2023f-23-check\misis2024s-23-09-urosov-d-i\prj.check\prj.check\doctest_queuelstpr\doctest_queuelstpr.cpp(3,10): error C1083: Cannot open include file: 'queuelstpr/queuelstpr.hpp': No such file or directory [D:\projects\misis2023f-23-check\misis2024s-23-09-urosov-d-i\build.check\prj.check\prj.check\doctest_queuelstpr\doctest_queuelstpr.vcxproj]
    33>MSVCRT.lib(exe_main.obj) : error LNK2019: unresolved external symbol main referenced in function "int __cdecl __scrt_common_main_seh(void)" (?__scrt_common_main_seh@@YAHXZ) [D:\projects\misis2023f-23-check\misis2024s-23-09-urosov-d-i\build.check\prj.test\test_binarytree.vcxproj]
    33>D:\projects\misis2023f-23-check\misis2024s-23-09-urosov-d-i\bin.rel\test_binarytree.exe : fatal error LNK1120: 1 unresolved externals [D:\projects\misis2023f-23-check\misis2024s-23-09-urosov-d-i\build.check\prj.test\test_binarytree.vcxproj]
    27>D:\projects\misis2023f-23-check\misis2024s-23-09-urosov-d-i\prj.check\prj.check\doctest_stackarr\doctest_stackarr.cpp(3,10): error C1083: Cannot open include file: 'stackarr/stackarr.hpp': No such file or directory [D:\projects\misis2023f-23-check\misis2024s-23-09-urosov-d-i\build.check\prj.check\prj.check\doctest_stackarr\doctest_stackarr.vcxproj]
    38>D:\projects\misis2023f-23-check\misis2024s-23-09-urosov-d-i\prj.lab\StackArr\stackarr.hpp(141,1): error C2065: 'w': undeclared identifier [D:\projects\misis2023f-23-check\misis2024s-23-09-urosov-d-i\build.check\prj.test\test_stackarr.vcxproj]
    38>D:\projects\misis2023f-23-check\misis2024s-23-09-urosov-d-i\prj.lab\StackArr\stackarr.hpp(141,10): error C2146: syntax error: missing ';' before identifier 'i_top_' [D:\projects\misis2023f-23-check\misis2024s-23-09-urosov-d-i\build.check\prj.test\test_stackarr.vcxproj]
    31>test_complex.obj : error LNK2019: unresolved external symbol "class std::basic_ostream<char,struct std::char_traits<char> > & __cdecl operator<<(class std::basic_ostream<char,struct std::char_traits<char> > &,struct Complex const &)" (??6@YAAEAV?$basic_ostream@DU?$char_traits@D@std@@@std@@AEAV01@AEBUComplex@@@Z) referenced in function "void __cdecl appch(void)" (?appch@@YAXXZ) [D:\projects\misis2023f-23-check\misis2024s-23-09-urosov-d-i\build.check\prj.test\test_complex.vcxproj]
    31>test_complex.obj : error LNK2019: unresolved external symbol "class std::basic_istream<char,struct std::char_traits<char> > & __cdecl operator>>(class std::basic_istream<char,struct std::char_traits<char> > &,struct Complex &)" (??5@YAAEAV?$basic_istream@DU?$char_traits@D@std@@@std@@AEAV01@AEAUComplex@@@Z) referenced in function "void __cdecl input(void)" (?input@@YAXXZ) [D:\projects\misis2023f-23-check\misis2024s-23-09-urosov-d-i\build.check\prj.test\test_complex.vcxproj]
    31>D:\projects\misis2023f-23-check\misis2024s-23-09-urosov-d-i\bin.rel\test_complex.exe : fatal error LNK1120: 2 unresolved externals [D:\projects\misis2023f-23-check\misis2024s-23-09-urosov-d-i\build.check\prj.test\test_complex.vcxproj]
    19>doctest_complex_io.obj : error LNK2019: unresolved external symbol "class std::basic_ostream<char,struct std::char_traits<char> > & __cdecl operator<<(class std::basic_ostream<char,struct std::char_traits<char> > &,struct Complex const &)" (??6@YAAEAV?$basic_ostream@DU?$char_traits@D@std@@@std@@AEAV01@AEBUComplex@@@Z) referenced in function "void __cdecl doctest::detail::filloss<struct Complex>(class std::basic_ostream<char,struct std::char_traits<char> > *,struct Complex const &)" (??$filloss@UComplex@@@detail@doctest@@YAXPEAV?$basic_ostream@DU?$char_traits@D@std@@@std@@AEBUComplex@@@Z) [D:\projects\misis2023f-23-check\misis2024s-23-09-urosov-d-i\build.check\prj.check\prj.check\doctest_complex\doctest_complex_io.vcxproj]
    19>doctest_complex_io.obj : error LNK2019: unresolved external symbol "class std::basic_istream<char,struct std::char_traits<char> > & __cdecl operator>>(class std::basic_istream<char,struct std::char_traits<char> > &,struct Complex &)" (??5@YAAEAV?$basic_istream@DU?$char_traits@D@std@@@std@@AEAV01@AEAUComplex@@@Z) referenced in function "void __cdecl DOCTEST_ANON_FUNC_15(void)" (?DOCTEST_ANON_FUNC_15@@YAXXZ) [D:\projects\misis2023f-23-check\misis2024s-23-09-urosov-d-i\build.check\prj.check\prj.check\doctest_complex\doctest_complex_io.vcxproj]
    19>D:\projects\misis2023f-23-check\misis2024s-23-09-urosov-d-i\bin.check\doctest_complex_io.exe : fatal error LNK1120: 2 unresolved externals [D:\projects\misis2023f-23-check\misis2024s-23-09-urosov-d-i\build.check\prj.check\prj.check\doctest_complex\doctest_complex_io.vcxproj]
    18>doctest_complex.obj : error LNK2019: unresolved external symbol "class std::basic_ostream<char,struct std::char_traits<char> > & __cdecl operator<<(class std::basic_ostream<char,struct std::char_traits<char> > &,struct Complex const &)" (??6@YAAEAV?$basic_ostream@DU?$char_traits@D@std@@@std@@AEAV01@AEBUComplex@@@Z) referenced in function "void __cdecl doctest::detail::filloss<struct Complex>(class std::basic_ostream<char,struct std::char_traits<char> > *,struct Complex const &)" (??$filloss@UComplex@@@detail@doctest@@YAXPEAV?$basic_ostream@DU?$char_traits@D@std@@@std@@AEBUComplex@@@Z) [D:\projects\misis2023f-23-check\misis2024s-23-09-urosov-d-i\build.check\prj.check\prj.check\doctest_complex\doctest_complex.vcxproj]
    18>D:\projects\misis2023f-23-check\misis2024s-23-09-urosov-d-i\bin.check\doctest_complex.exe : fatal error LNK1120: 1 unresolved externals [D:\projects\misis2023f-23-check\misis2024s-23-09-urosov-d-i\build.check\prj.check\prj.check\doctest_complex\doctest_complex.vcxproj]
